we are connected
[0mPOST /users/login [32m200 [0m85.227 ms - 172[0m
[0mPOST /users/login [32m200 [0m23.203 ms - 172[0m
[0mPOST /users/login [32m200 [0m20.812 ms - 172[0m
[0mPOST /users/login [32m200 [0m9.299 ms - 172[0m
[0mPOST /users/login [32m200 [0m13.290 ms - 172[0m
[0mPOST /users/login [32m200 [0m6.741 ms - 172[0m
not found
[0mPOST /users/login [31m500 [0m12.848 ms - 21[0m
[0mPOST /users/login [32m200 [0m3.006 ms - 172[0m
[0mPOST /users/login [32m200 [0m14.140 ms - 172[0m
not found
[0mPOST /users/login [31m500 [0m6.208 ms - 21[0m
[0mPOST /users/login [32m200 [0m12.062 ms - 172[0m
not found
[0mPOST /users/login [31m500 [0m14.116 ms - 21[0m
not found
[0mPOST /users/login [31m500 [0m3.090 ms - 21[0m
not found
[0mPOST /users/login [31m500 [0m3.032 ms - 21[0m
[0mPOST /users/login [32m200 [0m13.456 ms - 172[0m
{ birthday: 'Aug 29, 2016 00:00:00',
  email: 'b@b.b',
  password: '202cb962ac59075b964b07152d234b70' }
Mongoose: mpromise (mongoose's default promise library) is deprecated, plug in your own promise library instead: http://mongoosejs.com/docs/promises.html
[object Object]
[0mPOST /users/reg [32m200 [0m48.443 ms - 172[0m
[0mPOST /users/login [32m200 [0m32.380 ms - 172[0m
[0mPOST /users/login [32m200 [0m7.253 ms - 172[0m
[0mPOST /users/login [32m200 [0m6.153 ms - 172[0m
[0mPOST /users/login [32m200 [0m10.630 ms - 172[0m
[0mPOST /users/login [32m200 [0m11.435 ms - 172[0m
[0mPOST /users/login [32m200 [0m15.857 ms - 172[0m
[0mPOST /users/login [32m200 [0m7.710 ms - 172[0m
[0mPOST /users/login [32m200 [0m8.396 ms - 172[0m
[0mPOST /users/login [32m200 [0m4.768 ms - 172[0m
[0mPOST /users/login [32m200 [0m5.394 ms - 172[0m
[0mPOST /users/login [32m200 [0m16.211 ms - 172[0m
[0mPOST /users/login [32m200 [0m9.601 ms - 172[0m
[0mPOST /users/login [32m200 [0m12.948 ms - 172[0m
[0mPOST /users/login [32m200 [0m7.754 ms - 172[0m
[0mPOST /users/login [32m200 [0m4.109 ms - 172[0m
[0mPOST /users/login [32m200 [0m12.487 ms - 172[0m
[0mPOST /users/login [32m200 [0m3.561 ms - 172[0m
[0mPOST /users/login [32m200 [0m7.720 ms - 172[0m
[0mPOST /users/login [32m200 [0m8.096 ms - 172[0m
[0mPOST /users/login [32m200 [0m13.569 ms - 172[0m
[0mPOST /users/login [32m200 [0m13.558 ms - 172[0m
[0mPOST /users/login [32m200 [0m17.712 ms - 172[0m
[0mPOST /users/login [32m200 [0m11.153 ms - 172[0m
[0mPOST /users/login [32m200 [0m8.693 ms - 172[0m
[0mPOST /users/login [32m200 [0m12.393 ms - 172[0m
[0mPOST /users/login [32m200 [0m15.077 ms - 172[0m
[0mPOST /users/login [32m200 [0m5.083 ms - 172[0m
[0mPOST /users/login [32m200 [0m18.341 ms - 172[0m
[0mPOST /users/login [32m200 [0m15.295 ms - 172[0m
we are connected
[0mGET / [32m200 [0m5.525 ms - 26[0m
[0mGET / [32m200 [0m5.866 ms - 26[0m
[0mGET /favicon.ico [33m404 [0m650.272 ms - 1548[0m
[0mPOST /users/login [32m200 [0m48.187 ms - 172[0m
[0mPOST /users/login [32m200 [0m19.075 ms - 172[0m
[0mHEAD / [32m200 [0m2.430 ms - 26[0m
[0mHEAD / [32m200 [0m1.434 ms - 26[0m
[0mGET / [32m200 [0m3.141 ms - 26[0m
[0mHEAD / [32m200 [0m2.270 ms - 26[0m
[0mGET / [32m200 [0m1.080 ms - 26[0m
[0mHEAD / [32m200 [0m1.872 ms - 26[0m
[0mGET / [32m200 [0m1.338 ms - 26[0m
[0mGET / [32m200 [0m0.863 ms - 26[0m
[0mPOST /users/login [32m200 [0m18.901 ms - 172[0m
[0mPOST /users/login [32m200 [0m15.206 ms - 172[0m
[0mPOST /users/login [32m200 [0m6.707 ms - 172[0m
[0mPOST /users/login [32m200 [0m7.355 ms - 172[0m
[0mPOST /users/login [32m200 [0m15.426 ms - 172[0m
[0mPOST /users/login [32m200 [0m10.721 ms - 172[0m
[0mPOST /users/login [32m200 [0m5.272 ms - 172[0m
[0mPOST /users/login [32m200 [0m13.785 ms - 172[0m
[0mPOST /users/login [32m200 [0m23.061 ms - 172[0m
[0mGET /robots.txt [33m404 [0m35.458 ms - 1548[0m
{ birthday: 'Jul 7, 1992 12:00:00 AM',
  email: 'c@c.c',
  password: '202cb962ac59075b964b07152d234b70' }
Mongoose: mpromise (mongoose's default promise library) is deprecated, plug in your own promise library instead: http://mongoosejs.com/docs/promises.html
[object Object]
[0mPOST /users/reg [32m200 [0m104.768 ms - 172[0m
[0mGET / [32m200 [0m8.098 ms - 26[0m
[0mGET / [32m200 [0m3.094 ms - 26[0m
[0mGET /wp-includes/images/Shareontwitter.jpg [33m404 [0m23.634 ms - 1548[0m
[0mGET / [32m200 [0m3.586 ms - 26[0m
{ birthday: 'Jul 7, 1992 00:00:00',
  email: 'levey.leonhardt1@gmail.com',
  password: 'f7101eb05c2cbdf484ba6010331494f0' }
[object Object]
[0mPOST /users/reg [32m200 [0m46.239 ms - 193[0m
